# JRE version: Java(TM) SE Runtime Environment (8.0_181-b13) (build 1.8.0_181-b13)
# Java VM: Java HotSpot(TM) 64-Bit Server VM (25.181-b13 mixed mode linux-amd64 compressed oops)
Heap:
 PSYoungGen      total 201728K, used 32K [0x00000000ee380000, 0x00000000fa900000, 0x0000000100000000)
  eden space 201216K, 0% used [0x00000000ee380000,0x00000000ee380000,0x00000000fa800000)
  from space 512K, 6% used [0x00000000fa800000,0x00000000fa808000,0x00000000fa880000)
  to   space 512K, 0% used [0x00000000fa880000,0x00000000fa880000,0x00000000fa900000)
 ParOldGen       total 36864K, used 15771K [0x00000000caa00000, 0x00000000cce00000, 0x00000000ee380000)
  object space 36864K, 42% used [0x00000000caa00000,0x00000000cb966d30,0x00000000cce00000)
 Metaspace       used 12339K, capacity 12500K, committed 12672K, reserved 1060864K
  class space    used 1286K, capacity 1350K, committed 1408K, reserved 1048576K
GC Heap History (10 events):
Event: 12351.140 GC heap after
Heap after GC invocations=16492 (full 0):
 PSYoungGen      total 139776K, used 32K [0x00000000ee380000, 0x00000000f6c80000, 0x0000000100000000)
  eden space 139264K, 0% used [0x00000000ee380000,0x00000000ee380000,0x00000000f6b80000)
  from space 512K, 6% used [0x00000000f6c00000,0x00000000f6c08000,0x00000000f6c80000)
  to   space 512K, 0% used [0x00000000f6b80000,0x00000000f6b80000,0x00000000f6c00000)
 ParOldGen       total 36864K, used 15771K [0x00000000caa00000, 0x00000000cce00000, 0x00000000ee380000)
  object space 36864K, 42% used [0x00000000caa00000,0x00000000cb966d30,0x00000000cce00000)
 Metaspace       used 12339K, capacity 12500K, committed 12672K, reserved 1060864K
  class space    used 1286K, capacity 1350K, committed 1408K, reserved 1048576K
}
Event: 12356.964 GC heap before
{Heap before GC invocations=16493 (full 0):
 PSYoungGen      total 139776K, used 139296K [0x00000000ee380000, 0x00000000f6c80000, 0x0000000100000000)
  eden space 139264K, 100% used [0x00000000ee380000,0x00000000f6b80000,0x00000000f6b80000)
  from space 512K, 6% used [0x00000000f6c00000,0x00000000f6c08000,0x00000000f6c80000)
  to   space 512K, 0% used [0x00000000f6b80000,0x00000000f6b80000,0x00000000f6c00000)
 ParOldGen       total 36864K, used 15771K [0x00000000caa00000, 0x00000000cce00000, 0x00000000ee380000)
  object space 36864K, 42% used [0x00000000caa00000,0x00000000cb966d30,0x00000000cce00000)
 Metaspace       used 12339K, capacity 12500K, committed 12672K, reserved 1060864K
  class space    used 1286K, capacity 1350K, committed 1408K, reserved 1048576K
Event: 12357.309 GC heap after
Heap after GC invocations=16493 (full 0):
 PSYoungGen      total 139776K, used 32K [0x00000000ee380000, 0x00000000f8800000, 0x0000000100000000)
  eden space 139264K, 0% used [0x00000000ee380000,0x00000000ee380000,0x00000000f6b80000)
  from space 512K, 6% used [0x00000000f6b80000,0x00000000f6b88000,0x00000000f6c00000)
  to   space 512K, 0% used [0x00000000f8780000,0x00000000f8780000,0x00000000f8800000)
 ParOldGen       total 36864K, used 15771K [0x00000000caa00000, 0x00000000cce00000, 0x00000000ee380000)
  object space 36864K, 42% used [0x00000000caa00000,0x00000000cb966d30,0x00000000cce00000)
 Metaspace       used 12339K, capacity 12500K, committed 12672K, reserved 1060864K
  class space    used 1286K, capacity 1350K, committed 1408K, reserved 1048576K
}
Event: 12363.798 GC heap before
{Heap before GC invocations=16494 (full 0):
 PSYoungGen      total 139776K, used 139296K [0x00000000ee380000, 0x00000000f8800000, 0x0000000100000000)
  eden space 139264K, 100% used [0x00000000ee380000,0x00000000f6b80000,0x00000000f6b80000)
  from space 512K, 6% used [0x00000000f6b80000,0x00000000f6b88000,0x00000000f6c00000)
  to   space 512K, 0% used [0x00000000f8780000,0x00000000f8780000,0x00000000f8800000)
 ParOldGen       total 36864K, used 15771K [0x00000000caa00000, 0x00000000cce00000, 0x00000000ee380000)
  object space 36864K, 42% used [0x00000000caa00000,0x00000000cb966d30,0x00000000cce00000)
 Metaspace       used 12339K, capacity 12500K, committed 12672K, reserved 1060864K
  class space    used 1286K, capacity 1350K, committed 1408K, reserved 1048576K
Event: 12363.867 GC heap after
Heap after GC invocations=16494 (full 0):
 PSYoungGen      total 167936K, used 0K [0x00000000ee380000, 0x00000000f8800000, 0x0000000100000000)
  eden space 167424K, 0% used [0x00000000ee380000,0x00000000ee380000,0x00000000f8700000)
  from space 512K, 0% used [0x00000000f8780000,0x00000000f8780000,0x00000000f8800000)
  to   space 512K, 0% used [0x00000000f8700000,0x00000000f8700000,0x00000000f8780000)
 ParOldGen       total 36864K, used 15771K [0x00000000caa00000, 0x00000000cce00000, 0x00000000ee380000)
  object space 36864K, 42% used [0x00000000caa00000,0x00000000cb966d30,0x00000000cce00000)
 Metaspace       used 12339K, capacity 12500K, committed 12672K, reserved 1060864K
  class space    used 1286K, capacity 1350K, committed 1408K, reserved 1048576K
}
Event: 12371.539 GC heap before
{Heap before GC invocations=16495 (full 0):
 PSYoungGen      total 167936K, used 167424K [0x00000000ee380000, 0x00000000f8800000, 0x0000000100000000)
  eden space 167424K, 100% used [0x00000000ee380000,0x00000000f8700000,0x00000000f8700000)
  from space 512K, 0% used [0x00000000f8780000,0x00000000f8780000,0x00000000f8800000)
  to   space 512K, 0% used [0x00000000f8700000,0x00000000f8700000,0x00000000f8780000)
 ParOldGen       total 36864K, used 15771K [0x00000000caa00000, 0x00000000cce00000, 0x00000000ee380000)
  object space 36864K, 42% used [0x00000000caa00000,0x00000000cb966d30,0x00000000cce00000)
 Metaspace       used 12339K, capacity 12500K, committed 12672K, reserved 1060864K
  class space    used 1286K, capacity 1350K, committed 1408K, reserved 1048576K
Event: 12371.561 GC heap after
Heap after GC invocations=16495 (full 0):
 PSYoungGen      total 167936K, used 0K [0x00000000ee380000, 0x00000000fa900000, 0x0000000100000000)
  eden space 167424K, 0% used [0x00000000ee380000,0x00000000ee380000,0x00000000f8700000)
  from space 512K, 0% used [0x00000000f8700000,0x00000000f8700000,0x00000000f8780000)
  to   space 512K, 0% used [0x00000000fa880000,0x00000000fa880000,0x00000000fa900000)
 ParOldGen       total 36864K, used 15771K [0x00000000caa00000, 0x00000000cce00000, 0x00000000ee380000)
  object space 36864K, 42% used [0x00000000caa00000,0x00000000cb966d30,0x00000000cce00000)
 Metaspace       used 12339K, capacity 12500K, committed 12672K, reserved 1060864K
  class space    used 1286K, capacity 1350K, committed 1408K, reserved 1048576K
}
Event: 12378.773 GC heap before
{Heap before GC invocations=16496 (full 0):
 PSYoungGen      total 167936K, used 167424K [0x00000000ee380000, 0x00000000fa900000, 0x0000000100000000)
  eden space 167424K, 100% used [0x00000000ee380000,0x00000000f8700000,0x00000000f8700000)
  from space 512K, 0% used [0x00000000f8700000,0x00000000f8700000,0x00000000f8780000)
  to   space 512K, 0% used [0x00000000fa880000,0x00000000fa880000,0x00000000fa900000)
 ParOldGen       total 36864K, used 15771K [0x00000000caa00000, 0x00000000cce00000, 0x00000000ee380000)
  object space 36864K, 42% used [0x00000000caa00000,0x00000000cb966d30,0x00000000cce00000)
 Metaspace       used 12339K, capacity 12500K, committed 12672K, reserved 1060864K
  class space    used 1286K, capacity 1350K, committed 1408K, reserved 1048576K
Event: 12378.969 GC heap after
Heap after GC invocations=16496 (full 0):
 PSYoungGen      total 201728K, used 0K [0x00000000ee380000, 0x00000000fa900000, 0x0000000100000000)
  eden space 201216K, 0% used [0x00000000ee380000,0x00000000ee380000,0x00000000fa800000)
  from space 512K, 0% used [0x00000000fa880000,0x00000000fa880000,0x00000000fa900000)
  to   space 512K, 0% used [0x00000000fa800000,0x00000000fa800000,0x00000000fa880000)
 ParOldGen       total 36864K, used 15771K [0x00000000caa00000, 0x00000000cce00000, 0x00000000ee380000)
  object space 36864K, 42% used [0x00000000caa00000,0x00000000cb966d30,0x00000000cce00000)
 Metaspace       used 12339K, capacity 12500K, committed 12672K, reserved 1060864K
  class space    used 1286K, capacity 1350K, committed 1408K, reserved 1048576K
}
Event: 12392.490 GC heap before
{Heap before GC invocations=16497 (full 0):
 PSYoungGen      total 201728K, used 201216K [0x00000000ee380000, 0x00000000fa900000, 0x0000000100000000)
  eden space 201216K, 100% used [0x00000000ee380000,0x00000000fa800000,0x00000000fa800000)
  from space 512K, 0% used [0x00000000fa880000,0x00000000fa880000,0x00000000fa900000)
  to   space 512K, 0% used [0x00000000fa800000,0x00000000fa800000,0x00000000fa880000)
 ParOldGen       total 36864K, used 15771K [0x00000000caa00000, 0x00000000cce00000, 0x00000000ee380000)
  object space 36864K, 42% used [0x00000000caa00000,0x00000000cb966d30,0x00000000cce00000)
 Metaspace       used 12339K, capacity 12500K, committed 12672K, reserved 1060864K
  class space    used 1286K, capacity 1350K, committed 1408K, reserved 1048576K

